<?xml version="1.0" encoding="UTF-8"?>
<testsuite xmlns:xsi="http://www.w3.org/2001/XMLSchema-instance" xsi:noNamespaceSchemaLocation="https://maven.apache.org/surefire/maven-surefire-plugin/xsd/surefire-test-report-3.0.xsd" version="3.0" name="com.nhnacademy.account_api.controller.UserControllerTest" time="2.286" tests="6" errors="0" skipped="0" failures="0">
  <properties>
[...]
</properties>
  <testcase name="testUpdateUser_Success" classname="com.nhnacademy.account_api.controller.UserControllerTest" time="0.217">
    <system-out><![CDATA[08:43:28.097 [main] INFO org.springframework.test.context.support.AnnotationConfigContextLoaderUtils -- Could not detect default configuration classes for test class [com.nhnacademy.account_api.controller.UserControllerTest]: UserControllerTest does not declare any static, non-private, non-final, nested classes annotated with @Configuration.
08:43:28.198 [main] INFO org.springframework.boot.test.context.SpringBootTestContextBootstrapper -- Found @SpringBootConfiguration com.nhnacademy.account_api.AccountApiApplication for test class com.nhnacademy.account_api.controller.UserControllerTest
08:43:28.247 [main] INFO org.springframework.boot.devtools.restart.RestartApplicationListener -- Restart disabled due to context in which it is running
  .   ____          _            __ _ _
 /\\ / ___'_ __ _ _(_)_ __  __ _ \ \ \ \
( ( )\___ | '_ | '_| | '_ \/ _` | \ \ \ \
 \\/  ___)| |_)| | | | | || (_| |  ) ) ) )
  '  |____| .__|_| |_|_| |_\__, | / / / /
 =========|_|==============|___/=/_/_/_/

 :: Spring Boot ::                (v3.3.0)

2024-06-10T08:43:28.439+09:00  INFO 30518 --- [account_api] [           main] c.n.a.controller.UserControllerTest      : Starting UserControllerTest using Java 21.0.2 with PID 30518 (started by khj in /Users/khj/Desktop/4주차과제/git_account)
2024-06-10T08:43:28.440+09:00  INFO 30518 --- [account_api] [           main] c.n.a.controller.UserControllerTest      : No active profile set, falling back to 1 default profile: "default"
2024-06-10T08:43:29.914+09:00  WARN 30518 --- [account_api] [           main] ion$DefaultTemplateResolverConfiguration : Cannot find template location: classpath:/templates/ (please add some templates, check your Thymeleaf configuration, or set spring.thymeleaf.check-template-location=false)
2024-06-10T08:43:29.943+09:00  INFO 30518 --- [account_api] [           main] o.s.b.t.m.w.SpringBootMockServletContext : Initializing Spring TestDispatcherServlet ''
2024-06-10T08:43:29.944+09:00  INFO 30518 --- [account_api] [           main] o.s.t.web.servlet.TestDispatcherServlet  : Initializing Servlet ''
2024-06-10T08:43:29.945+09:00  INFO 30518 --- [account_api] [           main] o.s.t.web.servlet.TestDispatcherServlet  : Completed initialization in 0 ms
2024-06-10T08:43:29.966+09:00  INFO 30518 --- [account_api] [           main] c.n.a.controller.UserControllerTest      : Started UserControllerTest in 1.728 seconds (process running for 2.496)
]]></system-out>
    <system-err><![CDATA[WARNING: A Java agent has been loaded dynamically (/Users/khj/.m2/repository/net/bytebuddy/byte-buddy-agent/1.14.16/byte-buddy-agent-1.14.16.jar)
WARNING: If a serviceability tool is in use, please run with -XX:+EnableDynamicAgentLoading to hide this warning
WARNING: If a serviceability tool is not in use, please run with -Djdk.instrument.traceUsage for more information
WARNING: Dynamic loading of agents will be disallowed by default in a future release
]]></system-err>
  </testcase>
  <testcase name="testRegisterUser_UserExists" classname="com.nhnacademy.account_api.controller.UserControllerTest" time="0.008"/>
  <testcase name="testGetUserByEmail_Success" classname="com.nhnacademy.account_api.controller.UserControllerTest" time="0.039"/>
  <testcase name="testDeleteUserPermanently_Success" classname="com.nhnacademy.account_api.controller.UserControllerTest" time="0.004"/>
  <testcase name="testAuthenticateUser_Success" classname="com.nhnacademy.account_api.controller.UserControllerTest" time="0.003"/>
  <testcase name="testGetUserById_Success" classname="com.nhnacademy.account_api.controller.UserControllerTest" time="0.004"/>
</testsuite>